
2018-02-10 19:59:18 127.0.0.1
array (
  40224 => 
  array (
    'text' => '[`Settings saved`]',
    'result' => 'success',
    't' => 1518292758,
  ),
)

2018-03-08 09:15:59 127.0.0.1
array (
  14734 => 
  array (
    'text' => '[`Settings saved`]',
    'result' => 'success',
    't' => 1520500559,
  ),
)

2018-05-10 08:15:18 127.0.0.1
array (
  22582 => 
  array (
    'text' => 'Невозможно установить приложение (режим разработки)',
    'result' => 'fail',
    't' => 1525940118,
  ),
)

2018-05-10 08:16:10 127.0.0.1
array (
  80201 => 
  array (
    'text' => '[`Settings saved`]',
    'result' => 'success',
    't' => 1525940170,
  ),
)
