
2018-05-22 19:18:57 127.0.0.1
Query Error 1064: You have an error in your SQL syntax; check the manual that corresponds to your MySQL server version for the right syntax to use near ''magasins_categories'' at line 1
Query: SELECT COLUMN_NAME as fields FROM INFORMATION_SCHEMA.COLUMNS WHERE TABLE_NAME 'magasins_categories'
## wa-system/database/waModel.class.php(243)
#0 wa-system/database/waModel.class.php(343): waModel->run('SELECT COLUMN_N...')
#1 wa-apps/magasins/lib/actions/matchs/magasinsMatchs.action.php(36): waModel->query('SELECT COLUMN_N...')
#2 wa-system/controller/waViewAction.class.php(170): magasinsMatchsAction->execute()
#3 wa-system/controller/waViewController.class.php(86): waViewAction->display()
#4 wa-system/controller/waDefaultViewController.class.php(48): waViewController->executeAction(Object(magasinsMatchsAction))
#5 wa-system/controller/waController.class.php(21): waDefaultViewController->execute()
#6 wa-system/controller/waViewController.class.php(46): waController->run(NULL)
#7 wa-system/controller/waFrontController.class.php(229): waViewController->run(NULL)
#8 wa-system/controller/waFrontController.class.php(164): waFrontController->runController(Object(waDefaultViewController), NULL)
#9 wa-system/controller/waFrontController.class.php(58): waFrontController->execute(NULL, 'matchs', NULL)
#10 wa-system/waSystem.class.php(562): waFrontController->dispatch()
#11 wa-system/waSystem.class.php(485): waSystem->dispatchBackend('webasyst/magasi...')
#12 index.php(7): waSystem->dispatch()
#13 {main}

2018-05-22 19:19:16 127.0.0.1
Query Error 1064: You have an error in your SQL syntax; check the manual that corresponds to your MySQL server version for the right syntax to use near 'magasins_categories' at line 1
Query: SELECT COLUMN_NAME as fields FROM INFORMATION_SCHEMA.COLUMNS WHERE TABLE_NAME magasins_categories
## wa-system/database/waModel.class.php(243)
#0 wa-system/database/waModel.class.php(343): waModel->run('SELECT COLUMN_N...')
#1 wa-apps/magasins/lib/actions/matchs/magasinsMatchs.action.php(36): waModel->query('SELECT COLUMN_N...')
#2 wa-system/controller/waViewAction.class.php(170): magasinsMatchsAction->execute()
#3 wa-system/controller/waViewController.class.php(86): waViewAction->display()
#4 wa-system/controller/waDefaultViewController.class.php(48): waViewController->executeAction(Object(magasinsMatchsAction))
#5 wa-system/controller/waController.class.php(21): waDefaultViewController->execute()
#6 wa-system/controller/waViewController.class.php(46): waController->run(NULL)
#7 wa-system/controller/waFrontController.class.php(229): waViewController->run(NULL)
#8 wa-system/controller/waFrontController.class.php(164): waFrontController->runController(Object(waDefaultViewController), NULL)
#9 wa-system/controller/waFrontController.class.php(58): waFrontController->execute(NULL, 'matchs', NULL)
#10 wa-system/waSystem.class.php(562): waFrontController->dispatch()
#11 wa-system/waSystem.class.php(485): waSystem->dispatchBackend('webasyst/magasi...')
#12 index.php(7): waSystem->dispatch()
#13 {main}

2018-05-26 18:27:56 127.0.0.1
Query Error 1064: You have an error in your SQL syntax; check the manual that corresponds to your MySQL server version for the right syntax to use near 'and provider_id =  ORDER BY id DESC' at line 1
Query: SELECT * FROM magasins_fields_provider WHERE magasin_id =  and provider_id =  ORDER BY id DESC
## wa-system/database/waModel.class.php(243)
#0 wa-system/database/waModel.class.php(343): waModel->run('SELECT * FROM m...')
#1 wa-apps/magasins/lib/actions/matchs/magasinsMatchs.action.php(29): waModel->query('SELECT * FROM m...')
#2 wa-system/controller/waViewAction.class.php(170): magasinsMatchsAction->execute()
#3 wa-system/controller/waViewController.class.php(86): waViewAction->display()
#4 wa-system/controller/waDefaultViewController.class.php(48): waViewController->executeAction(Object(magasinsMatchsAction))
#5 wa-system/controller/waController.class.php(21): waDefaultViewController->execute()
#6 wa-system/controller/waViewController.class.php(46): waController->run(NULL)
#7 wa-system/controller/waFrontController.class.php(229): waViewController->run(NULL)
#8 wa-system/controller/waFrontController.class.php(164): waFrontController->runController(Object(waDefaultViewController), NULL)
#9 wa-system/controller/waFrontController.class.php(58): waFrontController->execute(NULL, 'matchs', NULL)
#10 wa-system/waSystem.class.php(562): waFrontController->dispatch()
#11 wa-system/waSystem.class.php(485): waSystem->dispatchBackend('webasyst/magasi...')
#12 index.php(7): waSystem->dispatch()
#13 {main}

2018-05-26 21:34:50 127.0.0.1
Query Error 1064: You have an error in your SQL syntax; check the manual that corresponds to your MySQL server version for the right syntax to use near 'and provider_id = 1 ORDER BY id DESC' at line 1
Query: SELECT * FROM magasins_fields_provider WHERE magasin_id =  and provider_id = 1 ORDER BY id DESC
## wa-system/database/waModel.class.php(243)
#0 wa-system/database/waModel.class.php(343): waModel->run('SELECT * FROM m...')
#1 wa-apps/magasins/lib/actions/matchs/magasinsMatchs.action.php(29): waModel->query('SELECT * FROM m...')
#2 wa-system/controller/waViewAction.class.php(170): magasinsMatchsAction->execute()
#3 wa-system/controller/waViewController.class.php(86): waViewAction->display()
#4 wa-system/controller/waDefaultViewController.class.php(48): waViewController->executeAction(Object(magasinsMatchsAction))
#5 wa-system/controller/waController.class.php(21): waDefaultViewController->execute()
#6 wa-system/controller/waViewController.class.php(46): waController->run(NULL)
#7 wa-system/controller/waFrontController.class.php(229): waViewController->run(NULL)
#8 wa-system/controller/waFrontController.class.php(164): waFrontController->runController(Object(waDefaultViewController), NULL)
#9 wa-system/controller/waFrontController.class.php(58): waFrontController->execute(NULL, 'matchs', NULL)
#10 wa-system/waSystem.class.php(562): waFrontController->dispatch()
#11 wa-system/waSystem.class.php(485): waSystem->dispatchBackend('webasyst/magasi...')
#12 index.php(7): waSystem->dispatch()
#13 {main}

2018-05-27 10:13:20 127.0.0.1
Query Error 1064: You have an error in your SQL syntax; check the manual that corresponds to your MySQL server version for the right syntax to use near 'and provider_id =  ORDER BY id DESC' at line 1
Query: SELECT * FROM magasins_fields_provider WHERE magasin_id =  and provider_id =  ORDER BY id DESC
## wa-system/database/waModel.class.php(243)
#0 wa-system/database/waModel.class.php(343): waModel->run('SELECT * FROM m...')
#1 wa-apps/magasins/lib/actions/matchs/magasinsMatchs.action.php(29): waModel->query('SELECT * FROM m...')
#2 wa-system/controller/waViewAction.class.php(170): magasinsMatchsAction->execute()
#3 wa-system/controller/waViewController.class.php(86): waViewAction->display()
#4 wa-system/controller/waDefaultViewController.class.php(48): waViewController->executeAction(Object(magasinsMatchsAction))
#5 wa-system/controller/waController.class.php(21): waDefaultViewController->execute()
#6 wa-system/controller/waViewController.class.php(46): waController->run(NULL)
#7 wa-system/controller/waFrontController.class.php(229): waViewController->run(NULL)
#8 wa-system/controller/waFrontController.class.php(164): waFrontController->runController(Object(waDefaultViewController), NULL)
#9 wa-system/controller/waFrontController.class.php(58): waFrontController->execute(NULL, 'matchs', NULL)
#10 wa-system/waSystem.class.php(562): waFrontController->dispatch()
#11 wa-system/waSystem.class.php(485): waSystem->dispatchBackend('webasyst/magasi...')
#12 index.php(7): waSystem->dispatch()
#13 {main}
